<?xml version="1.0" encoding="UTF-8"?>
<testng-results ignored="0" total="1" passed="1" failed="0" skipped="0">
  <reporter-output>
  </reporter-output>
  <suite started-at="2022-11-01T21:52:07 IST" name="Default suite" finished-at="2022-11-01T21:52:07 IST" duration-ms="115">
    <groups>
    </groups>
    <test started-at="2022-11-01T21:52:07 IST" name="Default test" finished-at="2022-11-01T21:52:07 IST" duration-ms="115">
      <class name="testng.stream1">
        <test-method signature="streamCollect()[pri:0, instance:testng.stream1@7bab3f1a]" started-at="2022-11-01T21:52:07 IST" name="streamCollect" finished-at="2022-11-01T21:52:07 IST" duration-ms="19" status="PASS">
          <reporter-output>
          </reporter-output>
        </test-method> <!-- streamCollect -->
      </class> <!-- testng.stream1 -->
    </test> <!-- Default test -->
  </suite> <!-- Default suite -->
</testng-results>
